2020-05-18 18:19:08.377  INFO 4020 --- [main] lavalink.server.Launcher                 : 

[32m       .  [31m _                  _ _       _    [32m__ _ _
[32m      /\\ [31m| | __ ___   ____ _| (_)_ __ | | __[32m\ \ \ \
[32m     ( ( )[31m| |/ _` \ \ / / _` | | | '_ \| |/ /[32m \ \ \ \
[32m      \\/ [31m| | (_| |\ V / (_| | | | | | |   < [32m  ) ) ) )
[32m       '  [31m|_|\__,_| \_/ \__,_|_|_|_| |_|_|\_\[32m / / / /
[0m    =========================================[32m/_/_/_/[0m

	Version:        e270ec688cbad900d9de292a9e615f15c48a9a82-SNAPSHOT
	Build:          987
	Build time:     23.03.2020 20:28:53 UTC
	Branch          BullyJava11
	Commit:         e270ec6
	Commit time:    23.03.2020 19:56:15 UTC
	JVM:            13.0.3
	Lavaplayer      1.3.47

2020-05-18 18:19:08.781  INFO 4020 --- [main] lavalink.server.Launcher                 : Starting Launcher on Raghav-Air.hsd1.tx.comcast.net with PID 4020 (/Users/sadashivappakenchannavar/Desktop/Frosty RHYME/Lavalink.jar started by sadashivappakenchannavar in /Users/sadashivappakenchannavar/Desktop/Frosty RHYME)
2020-05-18 18:19:08.783  INFO 4020 --- [main] lavalink.server.Launcher                 : No active profile set, falling back to default profiles: default
2020-05-18 18:19:09.130  WARN 4020 --- [background-preinit] o.s.h.c.j.Jackson2ObjectMapperBuilder    : For Jackson Kotlin classes support please add "com.fasterxml.jackson.module:jackson-module-kotlin" to the classpath
2020-05-18 18:19:11.848  WARN 4020 --- [main] io.undertow.websockets.jsr               : UT026010: Buffer pool was not set on WebSocketDeploymentInfo, the default pool will be used
2020-05-18 18:19:11.932  INFO 4020 --- [main] io.undertow.servlet                      : Initializing Spring embedded WebApplicationContext
2020-05-18 18:19:11.932  INFO 4020 --- [main] o.s.web.context.ContextLoader            : Root WebApplicationContext: initialization completed in 2998 ms
2020-05-18 18:19:13.314  WARN 4020 --- [main] l.server.config.SentryConfiguration      : Turning off sentry
2020-05-18 18:19:13.339  INFO 4020 --- [main] l.s.c.AudioSendFactoryConfiguration      : OS: Mac OS X, Arch: x86_64
2020-05-18 18:19:13.340  WARN 4020 --- [main] l.s.c.AudioSendFactoryConfiguration      : This system and architecture appears to not support native audio sending! GC pauses may cause your bot to stutter during playback.
2020-05-18 18:19:14.218  INFO 4020 --- [main] c.s.d.l.tools.GarbageCollectionMonitor   : GC monitoring enabled, reporting results every 2 minutes.
2020-05-18 18:19:15.511  INFO 4020 --- [main] o.s.s.concurrent.ThreadPoolTaskExecutor  : Initializing ExecutorService 'applicationTaskExecutor'
2020-05-18 18:19:16.274  INFO 4020 --- [main] org.xnio                                 : XNIO version 3.3.8.Final
2020-05-18 18:19:16.321  INFO 4020 --- [main] org.xnio.nio                             : XNIO NIO Implementation Version 3.3.8.Final
2020-05-18 18:19:16.562  INFO 4020 --- [main] o.s.b.w.e.u.UndertowServletWebServer     : Undertow started on port(s) 7500 (http) with context path ''
2020-05-18 18:19:16.576  INFO 4020 --- [main] lavalink.server.Launcher                 : Started Launcher in 9.614 seconds (JVM running for 10.807)
2020-05-18 18:19:19.143  INFO 4020 --- [XNIO-1 task-1] io.undertow.servlet                      : Initializing Spring DispatcherServlet 'dispatcherServlet'
2020-05-18 18:19:19.143  INFO 4020 --- [XNIO-1 task-1] o.s.web.servlet.DispatcherServlet        : Initializing Servlet 'dispatcherServlet'
2020-05-18 18:19:19.181  INFO 4020 --- [XNIO-1 task-1] o.s.web.servlet.DispatcherServlet        : Completed initialization in 37 ms
2020-05-18 18:19:19.273  INFO 4020 --- [XNIO-1 task-1] l.server.io.HandshakeInterceptorImpl     : Incoming connection from /127.0.0.1:55045
2020-05-18 18:19:19.775  INFO 4020 --- [XNIO-1 task-1] lavalink.server.io.SocketServer          : Connection successfully established from /127.0.0.1:55045
2020-05-18 18:19:23.821  INFO 4020 --- [XNIO-1 I/O-2] lavalink.server.io.SocketServer          : Connection closed from /127.0.0.1:55045 -- CloseStatus[code=1006, reason=]
2020-05-18 18:19:23.823  INFO 4020 --- [XNIO-1 I/O-2] lavalink.server.io.SocketContext         : Shutting down 0 playing players.
2020-05-18 18:38:45.695  INFO 4020 --- [XNIO-1 task-2] l.server.io.HandshakeInterceptorImpl     : Incoming connection from /127.0.0.1:55083
2020-05-18 18:38:45.722  INFO 4020 --- [XNIO-1 task-2] lavalink.server.io.SocketServer          : Connection successfully established from /127.0.0.1:55083
2020-05-18 20:33:05.677  INFO 4020 --- [XNIO-1 I/O-4] lavalink.server.io.SocketServer          : Connection closed from /127.0.0.1:55083 -- CloseStatus[code=1006, reason=]
2020-05-18 20:33:05.714  INFO 4020 --- [XNIO-1 I/O-4] lavalink.server.io.SocketContext         : Shutting down 0 playing players.
2020-05-18 20:33:15.178  INFO 4020 --- [XNIO-1 task-3] l.server.io.HandshakeInterceptorImpl     : Incoming connection from /127.0.0.1:56019
2020-05-18 20:33:15.210  INFO 4020 --- [XNIO-1 task-3] lavalink.server.io.SocketServer          : Connection successfully established from /127.0.0.1:56019
2020-05-18 20:49:56.509 ERROR 4020 --- [XNIO-1 task-4] l.server.io.HandshakeInterceptorImpl     : Authentication failed from /127.0.0.1:56095
2020-05-18 20:50:05.659  INFO 4020 --- [XNIO-1 I/O-4] lavalink.server.io.SocketServer          : Connection closed from /127.0.0.1:56019 -- CloseStatus[code=1006, reason=]
2020-05-18 20:50:05.660  INFO 4020 --- [XNIO-1 I/O-4] lavalink.server.io.SocketContext         : Shutting down 0 playing players.
2020-05-18 20:50:05.695  INFO 4020 --- [Thread-1] o.s.s.concurrent.ThreadPoolTaskExecutor  : Shutting down ExecutorService 'applicationTaskExecutor'
2020-05-18 20:50:05.699  INFO 4020 --- [Thread-1] c.s.d.l.tools.GarbageCollectionMonitor   : GC monitoring disabled.
2020-05-18 20:50:05.708  INFO 4020 --- [Thread-1] io.undertow.servlet                      : Destroying Spring FrameworkServlet 'dispatcherServlet'
